0 info it worked if it ends with ok
1 verbose cli [ '/usr/local/bin/node', '/usr/local/bin/npm', 'run', 'lint' ]
2 info using npm@3.10.9
3 info using node@v7.1.0
4 verbose run-script [ 'prelint', 'lint', 'postlint' ]
5 info lifecycle electron-document-manager@0.1.0~prelint: electron-document-manager@0.1.0
6 silly lifecycle electron-document-manager@0.1.0~prelint: no script for prelint, continuing
7 info lifecycle electron-document-manager@0.1.0~lint: electron-document-manager@0.1.0
8 verbose lifecycle electron-document-manager@0.1.0~lint: unsafe-perm in lifecycle true
9 verbose lifecycle electron-document-manager@0.1.0~lint: PATH: /usr/local/lib/node_modules/npm/bin/node-gyp-bin:/Users/josanchez/prog/forks/electron-document-manager/node_modules/.bin:/Users/josanchez/.rvm/gems/ruby-2.3.1/bin:/Users/josanchez/.rvm/gems/ruby-2.3.1@global/bin:/Users/josanchez/.rvm/rubies/ruby-2.3.1/bin:/Users/josanchez/.rvm/bin:/Library/Frameworks/Python.framework/Versions/3.6/bin:/Users/josanchez/.rbenv/shims:/Users/josanchez/.fastlane/bin:/Users/josanchez/prog/tools/xctool:/Users/josanchez/prog/oclint/bin/oclint/bin:/Users/josanchez/.gems/bin:/usr/bin:/bin:/usr/sbin:/sbin:/usr/local/bin:/Library/Frameworks/Mono.framework/Versions/Current/Commands:/Users/josanchez/.gems/bin
10 verbose lifecycle electron-document-manager@0.1.0~lint: CWD: /Users/josanchez/prog/forks/electron-document-manager
11 silly lifecycle electron-document-manager@0.1.0~lint: Args: [ '-c', 'eslint .' ]
12 silly lifecycle electron-document-manager@0.1.0~lint: Returned: code: 1  signal: null
13 info lifecycle electron-document-manager@0.1.0~lint: Failed to exec lint script
14 verbose stack Error: electron-document-manager@0.1.0 lint: `eslint .`
14 verbose stack Exit status 1
14 verbose stack     at EventEmitter.<anonymous> (/usr/local/lib/node_modules/npm/lib/utils/lifecycle.js:255:16)
14 verbose stack     at emitTwo (events.js:106:13)
14 verbose stack     at EventEmitter.emit (events.js:191:7)
14 verbose stack     at ChildProcess.<anonymous> (/usr/local/lib/node_modules/npm/lib/utils/spawn.js:40:14)
14 verbose stack     at emitTwo (events.js:106:13)
14 verbose stack     at ChildProcess.emit (events.js:191:7)
14 verbose stack     at maybeClose (internal/child_process.js:885:16)
14 verbose stack     at Process.ChildProcess._handle.onexit (internal/child_process.js:226:5)
15 verbose pkgid electron-document-manager@0.1.0
16 verbose cwd /Users/josanchez/prog/forks/electron-document-manager
17 error Darwin 16.3.0
18 error argv "/usr/local/bin/node" "/usr/local/bin/npm" "run" "lint"
19 error node v7.1.0
20 error npm  v3.10.9
21 error code ELIFECYCLE
22 error electron-document-manager@0.1.0 lint: `eslint .`
22 error Exit status 1
23 error Failed at the electron-document-manager@0.1.0 lint script 'eslint .'.
23 error Make sure you have the latest version of node.js and npm installed.
23 error If you do, this is most likely a problem with the electron-document-manager package,
23 error not with npm itself.
23 error Tell the author that this fails on your system:
23 error     eslint .
23 error You can get information on how to open an issue for this project with:
23 error     npm bugs electron-document-manager
23 error Or if that isn't available, you can get their info via:
23 error     npm owner ls electron-document-manager
23 error There is likely additional logging output above.
24 verbose exit [ 1, true ]
